Build started 10/13/2015 19:58:26.
     1>Project "C:\Users\Spencer\Documents\UVU Fall 2015\CS_1410\Project_02\Project_02\Project_02.vcxproj" on node 2 (Build target(s)).
     1>ClCompile:
         C:\Program Files (x86)\Microsoft Visual Studio 14.0\VC\bin\CL.exe /c /ZI /nologo /W3 /WX- /sdl /Od /Oy- /D _MBCS /Gm /EHsc /RTC1 /MDd /GS /fp:precise /Zc:wchar_t /Zc:forScope /Zc:inline /Fo"Debug\\" /Fd"Debug\vc140.pdb" /Gd /TP /analyze- /errorReport:prompt Account.cpp Driver.cpp Person.cpp
         Person.cpp
         Driver.cpp
     1>c:\users\spencer\documents\uvu fall 2015\cs_1410\project_02\project_02\driver.cpp(14): warning C4067: unexpected tokens following preprocessor directive - expected a newline
     1>c:\users\spencer\documents\uvu fall 2015\cs_1410\project_02\project_02\driver.h(20): warning C4067: unexpected tokens following preprocessor directive - expected a newline
     1>c:\users\spencer\documents\uvu fall 2015\cs_1410\project_02\project_02\driver.cpp(50): warning C4018: '<': signed/unsigned mismatch
     1>c:\users\spencer\documents\uvu fall 2015\cs_1410\project_02\project_02\driver.cpp(104): warning C4018: '<': signed/unsigned mismatch
     1>c:\users\spencer\documents\uvu fall 2015\cs_1410\project_02\project_02\driver.cpp(122): warning C4018: '<': signed/unsigned mismatch
     1>c:\users\spencer\documents\uvu fall 2015\cs_1410\project_02\project_02\driver.cpp(148): warning C4018: '<': signed/unsigned mismatch
         Account.cpp
         Generating Code...
       Link:
         C:\Program Files (x86)\Microsoft Visual Studio 14.0\VC\bin\link.exe /ERRORREPORT:PROMPT /OUT:"C:\Users\Spencer\Documents\UVU Fall 2015\CS_1410\Project_02\Debug\Project_02.exe" /INCREMENTAL /NOLOGO kernel32.lib user32.lib gdi32.lib winspool.lib comdlg32.lib advapi32.lib shell32.lib ole32.lib oleaut32.lib uuid.lib odbc32.lib odbccp32.lib /MANIFEST /MANIFESTUAC:"level='asInvoker' uiAccess='false'" /manifest:embed /Debug /PDB:"C:\Users\Spencer\Documents\UVU Fall 2015\CS_1410\Project_02\Debug\Project_02.pdb" /TLBID:1 /DYNAMICBASE /NXCOMPAT /IMPLIB:"C:\Users\Spencer\Documents\UVU Fall 2015\CS_1410\Project_02\Debug\Project_02.lib" /MACHINE:X86 Debug\Account.obj
         Debug\Driver.obj
         Debug\Exceptions.obj
         Debug\Person.obj
         Project_02.vcxproj -> C:\Users\Spencer\Documents\UVU Fall 2015\CS_1410\Project_02\Debug\Project_02.exe
     1>Done Building Project "C:\Users\Spencer\Documents\UVU Fall 2015\CS_1410\Project_02\Project_02\Project_02.vcxproj" (Build target(s)).

Build succeeded.

Time Elapsed 00:00:02.56
